.............................................................................................................................................................................................................................................................................................................................................................................................................................................................................................................................................*.........................................................................*.............................................*
optimization finished, #iter = 138827
obj = -18403277.323798, rho = -2.459797
nSV = 20473, nBSV = 4190
.........................................................................................................................................................................................................................................................................................................................................................................................................................................................................................................................................................................................................................................................................................*.................................................................................................*...............................*
optimization finished, #iter = 266822
obj = -41300840.280231, rho = -2.481900
nSV = 29250, nBSV = 2311
.......................................................................................................................................................................................................................................................................................................................................................................................................................................................................*...............................................................................................................................................*......................................*..................................................................*...............................................................................................................................................................*..................*.
optimization finished, #iter = 289386
obj = -41172634.427082, rho = -2.660654
nSV = 34274, nBSV = 5332
..*.................................*...........................................................*
optimization finished, #iter = 303681
obj = -45509963.594218, rho = -2.601361
nSV = 34389, nBSV = 3976
....*
optimization finished, #iter = 313630
obj = -51687864.129494, rho = -2.545702
nSV = 34453, nBSV = 2949
.............................................................................................................................................................................................................................................................*...................................................................................................................................................*..................................................................*............................................................................*.............................................*.............................................................................................................................................................*..........*...........*................*
optimization finished, #iter = 284422
..obj = -38716732.955777, rho = -2.780059
nSV = 37102, nBSV = 9399
...........................*
optimization finished, #iter = 264676
..obj = -50746942.733634, rho = -2.637850
nSV = 37337, nBSV = 4478
.............................................*
optimization finished, #iter = 300999
.obj = -45840464.937137, rho = -2.697320
nSV = 37258, nBSV = 6030
.......*.......................................................*
optimization finished, #iter = 356178
obj = -57754028.257746, rho = -2.569835
nSV = 37321, nBSV = 3292
*.............................*............*..........................*...................................................................................................................................................*..............................*...........................................................................................*...*...............................*..................*............................................................*...............................................................................................................................*
optimization finished, #iter = 211868
..obj = -26113514.975242, rho = -2.348353
nSV = 21126, nBSV = 1416
*........................................................*
optimization finished, #iter = 227251
...obj = -23323207.495915, rho = -2.357091
nSV = 20959, nBSV = 1937
*
optimization finished, #iter = 219307
...obj = -21348427.807091, rho = -2.387391
nSV = 20777, nBSV = 2607
...............*..................................*
optimization finished, #iter = 224045
...obj = -28224640.170897, rho = -2.664710
nSV = 28807, nBSV = 6690
.....................................................*.................*
optimization finished, #iter = 243506
.obj = -33163045.856387, rho = -2.580755
nSV = 28973, nBSV = 4237
...*...............................................................*
optimization finished, #iter = 242394
.obj = -34858223.990287, rho = -2.744252
nSV = 34113, nBSV = 8379
...........*
optimization finished, #iter = 285581
obj = -36536393.543360, rho = -2.530593
nSV = 29165, nBSV = 3155
Building model with SVR: C=2000, epsilon=0.8
[LibSVM]
************************************************************
Model SVR.ccle_utsw.MutExprCNV.C.2000.epsilon.0.8.joblib finished! 
Start time: 2018-11-29 15:34:25.639079, End time: 2018-11-29 17:13:30.835977, Time used: 1:39:05.196898
Traing r2: 0.8816761110679588, Testing r2: 0.6998822985340173
************************************************************

Building model with SVR: C=4000, epsilon=0.8
[LibSVM]
************************************************************
Model SVR.ccle_utsw.MutExprCNV.C.4000.epsilon.0.8.joblib finished! 
Start time: 2018-11-29 15:34:25.984538, End time: 2018-11-29 17:52:53.567190, Time used: 2:18:27.582652
Traing r2: 0.9094062285303206, Testing r2: 0.6944453206747492
************************************************************

Building model with SVR: C=6000, epsilon=0.8
[LibSVM]
************************************************************
Model SVR.ccle_utsw.MutExprCNV.C.6000.epsilon.0.8.joblib finished! 
Start time: 2018-11-29 15:34:26.127711, End time: 2018-11-29 17:53:12.842609, Time used: 2:18:46.714898
Traing r2: 0.9162755054700531, Testing r2: 0.6904405813967388
************************************************************

Building model with SVR: C=3000, epsilon=0.8
[LibSVM]
************************************************************
Model SVR.ccle_utsw.MutExprCNV.C.3000.epsilon.0.8.joblib finished! 
Start time: 2018-11-29 15:34:25.842600, End time: 2018-11-29 17:54:09.485105, Time used: 2:19:43.642505
Traing r2: 0.900673487885136, Testing r2: 0.6972635959166611
************************************************************

Building model with SVR: C=6000, epsilon=0.4
[LibSVM]
************************************************************
Model SVR.ccle_utsw.MutExprCNV.C.6000.epsilon.0.4.joblib finished! 
Start time: 2018-11-29 15:34:26.081802, End time: 2018-11-29 17:56:11.248629, Time used: 2:21:45.166827
Traing r2: 0.9587004125195298, Testing r2: 0.6999541100008435
************************************************************

Building model with SVR: C=3000, epsilon=0.4
[LibSVM]
************************************************************
Model SVR.ccle_utsw.MutExprCNV.C.3000.epsilon.0.4.joblib finished! 
Start time: 2018-11-29 15:34:25.821733, End time: 2018-11-29 18:13:27.806327, Time used: 2:39:01.984594
Traing r2: 0.9366511264401283, Testing r2: 0.7054742229661213
************************************************************

Building model with SVR: C=4000, epsilon=0.4
[LibSVM]
************************************************************
Model SVR.ccle_utsw.MutExprCNV.C.4000.epsilon.0.4.joblib finished! 
Start time: 2018-11-29 15:34:25.946902, End time: 2018-11-29 18:15:18.941000, Time used: 2:40:52.994098
Traing r2: 0.9487067171507392, Testing r2: 0.7040591710730787
************************************************************

Building model with SVR: C=2000, epsilon=0.4
[LibSVM]
************************************************************
Model SVR.ccle_utsw.MutExprCNV.C.2000.epsilon.0.4.joblib finished! 
Start time: 2018-11-29 15:34:25.633836, End time: 2018-11-29 18:15:38.641925, Time used: 2:41:13.008089
Traing r2: 0.9121147595905909, Testing r2: 0.7052976567489828
************************************************************

Building model with SVR: C=3000, epsilon=0.2
[LibSVM]
************************************************************
Model SVR.ccle_utsw.MutExprCNV.C.3000.epsilon.0.2.joblib finished! 
Start time: 2018-11-29 15:34:25.811135, End time: 2018-11-29 18:19:05.453538, Time used: 2:44:39.642403
Traing r2: 0.94658499956949, Testing r2: 0.7070069537410217
************************************************************

Building model with SVR: C=6000, epsilon=0.2
[LibSVM]
************************************************************
Model SVR.ccle_utsw.MutExprCNV.C.6000.epsilon.0.2.joblib finished! 
Start time: 2018-11-29 15:34:26.067108, End time: 2018-11-29 18:19:28.928243, Time used: 2:45:02.861135
Traing r2: 0.9713618901176589, Testing r2: 0.7031146888200892
************************************************************

Building model with SVR: C=4000, epsilon=0.2
[LibSVM]
************************************************************
Model SVR.ccle_utsw.MutExprCNV.C.4000.epsilon.0.2.joblib finished! 
Start time: 2018-11-29 15:34:25.937992, End time: 2018-11-29 18:20:01.468514, Time used: 2:45:35.530522
Traing r2: 0.9599112762306561, Testing r2: 0.7065046434989071
************************************************************

Building model with SVR: C=2000, epsilon=0.2
[LibSVM]
************************************************************
Model SVR.ccle_utsw.MutExprCNV.C.2000.epsilon.0.2.joblib finished! 
Start time: 2018-11-29 15:34:25.630540, End time: 2018-11-29 18:26:42.748538, Time used: 2:52:17.117998
Traing r2: 0.9199999578812197, Testing r2: 0.7058213627906356
************************************************************

Building model with SVR: C=4000, epsilon=0.1
[LibSVM]
************************************************************
Model SVR.ccle_utsw.MutExprCNV.C.4000.epsilon.0.1.joblib finished! 
Start time: 2018-11-29 15:34:25.902385, End time: 2018-11-29 18:30:16.997005, Time used: 2:55:51.094620
Traing r2: 0.9625078812408874, Testing r2: 0.7072741544039507
************************************************************

Building model with SVR: C=3000, epsilon=0.1
[LibSVM]
************************************************************
Model SVR.ccle_utsw.MutExprCNV.C.3000.epsilon.0.1.joblib finished! 
Start time: 2018-11-29 15:34:25.644065, End time: 2018-11-29 18:31:13.911017, Time used: 2:56:48.266952
Traing r2: 0.9488255500159914, Testing r2: 0.7072136026977072
************************************************************

Building model with SVR: C=6000, epsilon=0.1
[LibSVM]
************************************************************
Model SVR.ccle_utsw.MutExprCNV.C.6000.epsilon.0.1.joblib finished! 
Start time: 2018-11-29 15:34:26.026470, End time: 2018-11-29 18:31:19.553449, Time used: 2:56:53.526979
Traing r2: 0.9747432062307116, Testing r2: 0.7041936126978313
************************************************************

Building model with SVR: C=2000, epsilon=0.1
[LibSVM]
************************************************************
Model SVR.ccle_utsw.MutExprCNV.C.2000.epsilon.0.1.joblib finished! 
Start time: 2018-11-29 15:34:25.629771, End time: 2018-11-29 18:32:40.937686, Time used: 2:58:15.307915
Traing r2: 0.9214523044905741, Testing r2: 0.7055468032797321
************************************************************

