.................................................................................................................................................*...*.................................*..*.........*
optimization finished, #iter = 53658
obj = -5842833.781510, rho = -1.680837
nSV = 6726, nBSV = 93
.......*
optimization finished, #iter = 62408
obj = -5676515.930072, rho = -1.685021
nSV = 6695, nBSV = 114
........................................................................................................................................................................................................................................*......................................................*..........*............................Building model with SVR: C=8000, epsilon=2
[LibSVM]
************************************************************
Model SVR.ccle_utsw.cell.MutExprCNV.C.8000.epsilon.2.joblib finished! 
Start time: 2018-12-06 16:22:47.701627, End time: 2018-12-06 16:52:13.274349, Time used: 0:29:25.572722
Traing r2: 0.7251760034647721, Validation r2: 0.5936899946162637, Testing r2: 0.6240678965499074
************************************************************

...*
optimization finished, #iter = 128472
.obj = -18320469.436937, rho = -2.267148
nSV = 15649, nBSV = 574
.................*.Building model with SVR: C=10000, epsilon=2
[LibSVM]
************************************************************
Model SVR.ccle_utsw.cell.MutExprCNV.C.10000.epsilon.2.joblib finished! 
Start time: 2018-12-06 16:22:47.711902, End time: 2018-12-06 16:52:21.681017, Time used: 0:29:33.969115
Traing r2: 0.7252580638843281, Validation r2: 0.5926232704803683, Testing r2: 0.6232311819525702
************************************************************

....................*
optimization finished, #iter = 141592
obj = -19186776.167902, rho = -2.254655
nSV = 15769, nBSV = 487
...................................................................................................................................................*..........................................*...........................................................................*......................................................*..*
optimization finished, #iter = 176579
.obj = -23074773.932388, rho = -2.336615
nSV = 18469, nBSV = 748
.....................*
optimization finished, #iter = 189275
obj = -24254722.507357, rho = -2.326736
nSV = 18537, nBSV = 642
..................................................................................................................................................................................................................................................................................................................................................................................................................................................................................................................................................................................................................................................................................................................................................................................................................................................................*..........................*......................................................................................................*
optimization finished, #iter = 263958
.obj = -53880720.532669, rho = -2.543524
nSV = 32744, nBSV = 1545
....................................*........................*
optimization finished, #iter = 292593
obj = -50819239.170241, rho = -2.564558
nSV = 32744, nBSV = 1751
*.....*....................................................................*.........................................................................................................*........................................................*.*......................................................................................................*
optimization finished, #iter = 241329
..obj = -38426939.749856, rho = -2.465451
nSV = 25729, nBSV = 1082
..................................*
optimization finished, #iter = 259041
obj = -36364177.388114, rho = -2.484409
nSV = 25648, nBSV = 1238
.*.....................................................*......*
optimization finished, #iter = 280009
obj = -45480317.594184, rho = -2.541009
nSV = 30133, nBSV = 1568
..................................*
optimization finished, #iter = 308312
obj = -48170049.083046, rho = -2.521759
nSV = 30189, nBSV = 1378
Building model with SVR: C=8000, epsilon=1
[LibSVM]
************************************************************
Model SVR.ccle_utsw.cell.MutExprCNV.C.8000.epsilon.1.joblib finished! 
Start time: 2018-12-06 16:22:47.701583, End time: 2018-12-06 17:30:23.851462, Time used: 1:07:36.149879
Traing r2: 0.8938236094399764, Validation r2: 0.6561465858339083, Testing r2: 0.6758802452735053
************************************************************

Building model with SVR: C=10000, epsilon=1
[LibSVM]
************************************************************
Model SVR.ccle_utsw.cell.MutExprCNV.C.10000.epsilon.1.joblib finished! 
Start time: 2018-12-06 16:22:47.708467, End time: 2018-12-06 17:30:53.770121, Time used: 1:08:06.061654
Traing r2: 0.8951283839485584, Validation r2: 0.6542111325575459, Testing r2: 0.6740642285639717
************************************************************

Building model with SVR: C=8000, epsilon=0.8
[LibSVM]
************************************************************
Model SVR.ccle_utsw.cell.MutExprCNV.C.8000.epsilon.0.8.joblib finished! 
Start time: 2018-12-06 16:22:47.701582, End time: 2018-12-06 17:42:30.867253, Time used: 1:19:43.165671
Traing r2: 0.9214595501005509, Validation r2: 0.6626087916178236, Testing r2: 0.6797049489109616
************************************************************

Building model with SVR: C=10000, epsilon=0.8
[LibSVM]
************************************************************
Model SVR.ccle_utsw.cell.MutExprCNV.C.10000.epsilon.0.8.joblib finished! 
Start time: 2018-12-06 16:22:47.705125, End time: 2018-12-06 17:42:48.613704, Time used: 1:20:00.908579
Traing r2: 0.9231696698621117, Validation r2: 0.6610053398446852, Testing r2: 0.6782498387906475
************************************************************

Building model with SVR: C=8000, epsilon=0.4
[LibSVM]
************************************************************
Model SVR.ccle_utsw.cell.MutExprCNV.C.8000.epsilon.0.4.joblib finished! 
Start time: 2018-12-06 16:22:47.701594, End time: 2018-12-06 18:25:33.473054, Time used: 2:02:45.771460
Traing r2: 0.9656459712274308, Validation r2: 0.6705154029591631, Testing r2: 0.6835695275215663
************************************************************

Building model with SVR: C=10000, epsilon=0.4
[LibSVM]
************************************************************
Model SVR.ccle_utsw.cell.MutExprCNV.C.10000.epsilon.0.4.joblib finished! 
Start time: 2018-12-06 16:22:47.703256, End time: 2018-12-06 18:26:30.810127, Time used: 2:03:43.106871
Traing r2: 0.9681828953859206, Validation r2: 0.6696643321990072, Testing r2: 0.6827952629502501
************************************************************

Building model with SVR: C=8000, epsilon=0.2
[LibSVM]
************************************************************
Model SVR.ccle_utsw.cell.MutExprCNV.C.8000.epsilon.0.2.joblib finished! 
Start time: 2018-12-06 16:22:47.701568, End time: 2018-12-06 18:35:56.974258, Time used: 2:13:09.272690
Traing r2: 0.9788806150801642, Validation r2: 0.6721021212875711, Testing r2: 0.6839108419889262
************************************************************

Building model with SVR: C=10000, epsilon=0.2
[LibSVM]
************************************************************
Model SVR.ccle_utsw.cell.MutExprCNV.C.10000.epsilon.0.2.joblib finished! 
Start time: 2018-12-06 16:22:47.701665, End time: 2018-12-06 18:37:21.699175, Time used: 2:14:33.997510
Traing r2: 0.9818409797891011, Validation r2: 0.6717674236466823, Testing r2: 0.683805286927612
************************************************************

Building model with SVR: C=8000, epsilon=0.1
[LibSVM]
************************************************************
Model SVR.ccle_utsw.cell.MutExprCNV.C.8000.epsilon.0.1.joblib finished! 
Start time: 2018-12-06 16:22:47.701561, End time: 2018-12-06 18:39:10.016833, Time used: 2:16:22.315272
Traing r2: 0.9823809375862274, Validation r2: 0.6724442844154161, Testing r2: 0.6840820715833336
************************************************************

Building model with SVR: C=10000, epsilon=0.1
[LibSVM]
************************************************************
Model SVR.ccle_utsw.cell.MutExprCNV.C.10000.epsilon.0.1.joblib finished! 
Start time: 2018-12-06 16:22:47.701688, End time: 2018-12-06 18:40:07.382093, Time used: 2:17:19.680405
Traing r2: 0.9854983481536049, Validation r2: 0.6722319245702288, Testing r2: 0.6840616369210286
************************************************************

