Building model with GBR: loss=ls, lr=1, n_estimator=100, max_feature=auto, subsample=1.0
      Iter       Train Loss   Remaining Time 
         1           5.8041            3.04m
         2           5.3965            2.68m
         3           5.0598            2.66m
         4           4.7720            2.54m
         5           4.5228            2.49m
         6           4.3132            2.44m
         7           4.1323            2.41m
         8           3.9500            2.38m
         9           3.7804            2.33m
        10           3.6464            2.29m
        20           2.7841            1.95m
        30           2.2773            1.66m
        40           1.9554            1.45m
        50           1.7405            1.20m
        60           1.5490           58.14s
        70           1.4296           43.64s
        80           1.3437           29.48s
        90           1.2788           14.72s
       100           1.2339            0.00s

************************************************************
Model GBR.ccle_utsw.cell.MutExpr.loss.ls.lr.1.n_estimator.100.max_feature.auto.subsample1.0.joblib finished! 
Start time: 2019-02-05 13:43:45.236404, End time: 2019-02-05 13:46:17.065654, Time used: 0:02:31.829250
Traing r2: 0.8038348656626041, Validation r2: 0.6490278664801712, Testing r2: 0.6359921158822979
************************************************************

Building model with GBR: loss=ls, lr=0.1, n_estimator=100, max_feature=auto, subsample=1.0
      Iter       Train Loss   Remaining Time 
         1           6.1976            2.82m
         2           6.1180            2.55m
         3           6.0457            2.50m
         4           5.9811            2.60m
         5           5.9182            2.60m
         6           5.8601            2.50m
         7           5.8046            2.44m
         8           5.7521            2.41m
         9           5.7009            2.43m
        10           5.6527            2.37m
        20           5.2600            2.09m
        30           4.9584            1.80m
        40           4.7079            1.53m
        50           4.4997            1.27m
        60           4.3225            1.01m
        70           4.1660           45.37s
        80           4.0269           30.15s
        90           3.8965           15.17s
       100           3.7845            0.00s

************************************************************
Model GBR.ccle_utsw.cell.MutExpr.loss.ls.lr.0.1.n_estimator.100.max_feature.auto.subsample1.0.joblib finished! 
Start time: 2019-02-05 13:43:44.892035, End time: 2019-02-05 13:46:20.237841, Time used: 0:02:35.345806
Traing r2: 0.3983283825958248, Validation r2: 0.3610836691531679, Testing r2: 0.35942753965003316
************************************************************

Building model with GBR: loss=ls, lr=0.5, n_estimator=100, max_feature=auto, subsample=1.0
      Iter       Train Loss   Remaining Time 
         1           5.9256            2.29m
         2           5.6222            2.45m
         3           5.3744            2.38m
         4           5.1570            2.28m
         5           4.9753            2.29m
         6           4.8244            2.27m
         7           4.6931            2.23m
         8           4.5454            2.24m
         9           4.4330            2.30m
        10           4.3344            2.28m
        20           3.5973            2.05m
        30           3.1164            1.79m
        40           2.7545            1.55m
        50           2.4989            1.28m
        60           2.2966            1.02m
        70           2.1336           45.53s
        80           1.9894           30.59s
        90           1.8697           15.28s
       100           1.7672            0.00s

************************************************************
Model GBR.ccle_utsw.cell.MutExpr.loss.ls.lr.0.5.n_estimator.100.max_feature.auto.subsample1.0.joblib finished! 
Start time: 2019-02-05 13:43:44.964882, End time: 2019-02-05 13:46:23.593162, Time used: 0:02:38.628280
Traing r2: 0.7190457379619732, Validation r2: 0.6207857693293497, Testing r2: 0.6319922695750939
************************************************************

Building model with GBR: loss=ls, lr=0.2, n_estimator=100, max_feature=auto, subsample=1.0
      Iter       Train Loss   Remaining Time 
         1           6.1150            2.35m
         2           5.9701            2.45m
         3           5.8516            2.50m
         4           5.7404            2.41m
         5           5.6340            2.37m
         6           5.5368            2.32m
         7           5.4531            2.33m
         8           5.3765            2.30m
         9           5.3021            2.30m
        10           5.2317            2.27m
        20           4.6829            2.01m
        30           4.2781            1.77m
        40           3.9673            1.53m
        50           3.7277            1.27m
        60           3.5186            1.01m
        70           3.3258           45.86s
        80           3.1661           30.47s
        90           3.0244           15.36s
       100           2.8944            0.00s

************************************************************
Model GBR.ccle_utsw.cell.MutExpr.loss.ls.lr.0.2.n_estimator.100.max_feature.auto.subsample1.0.joblib finished! 
Start time: 2019-02-05 13:43:44.909256, End time: 2019-02-05 13:46:24.287216, Time used: 0:02:39.377960
Traing r2: 0.5398259923309536, Validation r2: 0.48453282047245094, Testing r2: 0.4836255215238163
************************************************************

Building model with GBR: loss=ls, lr=0.3, n_estimator=100, max_feature=auto, subsample=1.0
      Iter       Train Loss   Remaining Time 
         1           6.0422            3.27m
         2           5.8365            2.95m
         3           5.6693            2.73m
         4           5.5208            2.56m
         5           5.3894            2.50m
         6           5.2730            2.44m
         7           5.1656            2.38m
         8           5.0671            2.38m
         9           4.9775            2.41m
        10           4.8914            2.39m
        20           4.2217            2.04m
        30           3.7898            1.84m
        40           3.4543            1.58m
        50           3.1874            1.32m
        60           2.9588            1.05m
        70           2.7812           47.15s
        80           2.6291           31.24s
        90           2.4852           15.47s
       100           2.3643            0.00s

************************************************************
Model GBR.ccle_utsw.cell.MutExpr.loss.ls.lr.0.3.n_estimator.100.max_feature.auto.subsample1.0.joblib finished! 
Start time: 2019-02-05 13:43:44.934008, End time: 2019-02-05 13:46:25.930780, Time used: 0:02:40.996772
Traing r2: 0.6241182588652262, Validation r2: 0.5559841852003774, Testing r2: 0.5589846603318687
************************************************************

Building model with GBR: loss=ls, lr=0.7, n_estimator=100, max_feature=auto, subsample=1.0
      Iter       Train Loss   Remaining Time 
         1           5.8479            2.53m
         2           5.4786            2.38m
         3           5.1756            2.38m
         4           4.9127            2.52m
         5           4.6898            2.58m
         6           4.5037            2.55m
         7           4.3436            2.50m
         8           4.1827            2.45m
         9           4.0410            2.38m
        10           3.9255            2.34m
        20           3.1857            2.07m
        30           2.6882            1.80m
        40           2.3261            1.53m
        50           2.0660            1.27m
        60           1.8778            1.03m
        70           1.7211           45.88s
        80           1.6129           30.92s
        90           1.5182           15.59s
       100           1.4450            0.00s

************************************************************
Model GBR.ccle_utsw.cell.MutExpr.loss.ls.lr.0.7.n_estimator.100.max_feature.auto.subsample1.0.joblib finished! 
Start time: 2019-02-05 13:43:45.063735, End time: 2019-02-05 13:46:26.231052, Time used: 0:02:41.167317
Traing r2: 0.7702605289747892, Validation r2: 0.6443489020256886, Testing r2: 0.6510467217899314
************************************************************

Building model with GBR: loss=ls, lr=0.1, n_estimator=300, max_feature=auto, subsample=1.0
      Iter       Train Loss   Remaining Time 
         1           6.1976            9.34m
         2           6.1180            8.46m
         3           6.0457            7.98m
         4           5.9811            7.64m
         5           5.9182            7.51m
         6           5.8601            7.53m
         7           5.8046            7.44m
         8           5.7521            7.40m
         9           5.7009            7.36m
        10           5.6527            7.28m
        20           5.2600            6.95m
        30           4.9584            6.49m
        40           4.7079            6.33m
        50           4.4997            6.13m
        60           4.3225            5.91m
        70           4.1660            5.61m
        80           4.0269            5.37m
        90           3.8965            5.15m
       100           3.7845            4.91m
       200           2.9657            2.26m
       300           2.4792            0.00s

************************************************************
Model GBR.ccle_utsw.cell.MutExpr.loss.ls.lr.0.1.n_estimator.300.max_feature.auto.subsample1.0.joblib finished! 
Start time: 2019-02-05 13:43:44.895941, End time: 2019-02-05 13:50:22.246774, Time used: 0:06:37.350833
Traing r2: 0.6058479333351474, Validation r2: 0.5440425423065322, Testing r2: 0.5434960969189686
************************************************************

Building model with GBR: loss=ls, lr=1, n_estimator=300, max_feature=auto, subsample=1.0
      Iter       Train Loss   Remaining Time 
         1           5.8041            6.77m
         2           5.3965            6.96m
         3           5.0598            6.99m
         4           4.7720            6.87m
         5           4.5228            6.86m
         6           4.3132            6.96m
         7           4.1323            6.93m
         8           3.9500            7.01m
         9           3.7804            7.10m
        10           3.6464            7.17m
        20           2.7841            7.01m
        30           2.2773            7.10m
        40           1.9554            6.72m
        50           1.7405            6.39m
        60           1.5490            6.14m
        70           1.4296            5.87m
        80           1.3437            5.64m
        90           1.2788            5.34m
       100           1.2339            5.05m
       200           0.9539            2.27m
       300           0.7620            0.00s

************************************************************
Model GBR.ccle_utsw.cell.MutExpr.loss.ls.lr.1.n_estimator.300.max_feature.auto.subsample1.0.joblib finished! 
Start time: 2019-02-05 13:43:45.275972, End time: 2019-02-05 13:50:24.109833, Time used: 0:06:38.833861
Traing r2: 0.8788550074929236, Validation r2: 0.6323274477829564, Testing r2: 0.6011819376612921
************************************************************

Building model with GBR: loss=ls, lr=0.2, n_estimator=300, max_feature=auto, subsample=1.0
      Iter       Train Loss   Remaining Time 
         1           6.1150            6.47m
         2           5.9701            6.59m
         3           5.8516            6.96m
         4           5.7404            7.06m
         5           5.6340            7.08m
         6           5.5368            6.98m
         7           5.4531            6.99m
         8           5.3765            7.04m
         9           5.3021            7.04m
        10           5.2317            6.97m
        20           4.6829            6.79m
        30           4.2781            6.55m
        40           3.9673            6.35m
        50           3.7277            6.04m
        60           3.5186            5.89m
        70           3.3258            5.69m
        80           3.1661            5.45m
        90           3.0244            5.20m
       100           2.8944            4.94m
       200           2.0980            2.29m
       300           1.6924            0.00s

************************************************************
Model GBR.ccle_utsw.cell.MutExpr.loss.ls.lr.0.2.n_estimator.300.max_feature.auto.subsample1.0.joblib finished! 
Start time: 2019-02-05 13:43:44.913254, End time: 2019-02-05 13:50:30.602754, Time used: 0:06:45.689500
Traing r2: 0.7309351450638457, Validation r2: 0.6408579366996512, Testing r2: 0.6442075494641597
************************************************************

Building model with GBR: loss=ls, lr=0.5, n_estimator=300, max_feature=auto, subsample=1.0
      Iter       Train Loss   Remaining Time 
         1           5.9256            9.46m
         2           5.6222            8.26m
         3           5.3744            7.79m
         4           5.1570            7.73m
         5           4.9753            7.78m
         6           4.8244            7.95m
         7           4.6931            7.86m
         8           4.5454            7.76m
         9           4.4330            7.65m
        10           4.3344            7.56m
        20           3.5973            7.24m
        30           3.1164            7.03m
        40           2.7545            6.81m
        50           2.4989            6.52m
        60           2.2966            6.18m
        70           2.1336            5.92m
        80           1.9894            5.62m
        90           1.8697            5.38m
       100           1.7672            5.14m
       200           1.2431            2.32m
       300           1.0334            0.00s

************************************************************
Model GBR.ccle_utsw.cell.MutExpr.loss.ls.lr.0.5.n_estimator.300.max_feature.auto.subsample1.0.joblib finished! 
Start time: 2019-02-05 13:43:44.988901, End time: 2019-02-05 13:50:31.705909, Time used: 0:06:46.717008
Traing r2: 0.8357011169077188, Validation r2: 0.6684391705623922, Testing r2: 0.6919594265688143
************************************************************

Building model with GBR: loss=ls, lr=0.7, n_estimator=300, max_feature=auto, subsample=1.0
      Iter       Train Loss   Remaining Time 
         1           5.8479            7.49m
         2           5.4786            7.59m
         3           5.1756            7.44m
         4           4.9127            7.28m
         5           4.6898            7.49m
         6           4.5037            7.36m
         7           4.3436            7.22m
         8           4.1827            7.23m
         9           4.0410            7.15m
        10           3.9255            7.13m
        20           3.1857            7.02m
        30           2.6882            6.92m
        40           2.3261            6.69m
        50           2.0660            6.39m
        60           1.8778            6.12m
        70           1.7211            5.83m
        80           1.6129            5.57m
        90           1.5182            5.35m
       100           1.4450            5.14m
       200           1.0640            2.32m
       300           0.8863            0.00s

************************************************************
Model GBR.ccle_utsw.cell.MutExpr.loss.ls.lr.0.7.n_estimator.300.max_feature.auto.subsample1.0.joblib finished! 
Start time: 2019-02-05 13:43:45.078341, End time: 2019-02-05 13:50:33.277178, Time used: 0:06:48.198837
Traing r2: 0.8590981113557234, Validation r2: 0.6602005620210922, Testing r2: 0.6601035809580786
************************************************************

Building model with GBR: loss=ls, lr=0.3, n_estimator=300, max_feature=auto, subsample=1.0
      Iter       Train Loss   Remaining Time 
         1           6.0422            6.76m
         2           5.8365            7.29m
         3           5.6693            7.34m
         4           5.5208            7.15m
         5           5.3894            7.32m
         6           5.2730            7.36m
         7           5.1656            7.37m
         8           5.0671            7.36m
         9           4.9775            7.50m
        10           4.8914            7.51m
        20           4.2217            7.28m
        30           3.7898            6.99m
        40           3.4543            6.73m
        50           3.1874            6.46m
        60           2.9588            6.11m
        70           2.7812            5.88m
        80           2.6291            5.61m
        90           2.4852            5.35m
       100           2.3643            5.12m
       200           1.6530            2.32m
       300           1.3287            0.00s

************************************************************
Model GBR.ccle_utsw.cell.MutExpr.loss.ls.lr.0.3.n_estimator.300.max_feature.auto.subsample1.0.joblib finished! 
Start time: 2019-02-05 13:43:44.939922, End time: 2019-02-05 13:50:33.926261, Time used: 0:06:48.986339
Traing r2: 0.7887606156816171, Validation r2: 0.675081273383752, Testing r2: 0.6865714534204759
************************************************************

Building model with GBR: loss=ls, lr=0.7, n_estimator=500, max_feature=auto, subsample=1.0
      Iter       Train Loss   Remaining Time 
         1           5.8479           15.04m
         2           5.4786           13.11m
         3           5.1756           12.58m
         4           4.9127           12.24m
         5           4.6898           12.06m
         6           4.5037           11.94m
         7           4.3436           11.76m
         8           4.1827           11.71m
         9           4.0410           11.59m
        10           3.9255           11.64m
        20           3.1857           11.59m
        30           2.6882           11.37m
        40           2.3261           11.07m
        50           2.0660           10.89m
        60           1.8778           10.64m
        70           1.7211           10.35m
        80           1.6129           10.19m
        90           1.5182            9.98m
       100           1.4450            9.73m
       200           1.0640            6.74m
       300           0.8863            4.36m
       400           0.7597            2.13m
       500           0.6625            0.00s

************************************************************
Model GBR.ccle_utsw.cell.MutExpr.loss.ls.lr.0.7.n_estimator.500.max_feature.auto.subsample1.0.joblib finished! 
Start time: 2019-02-05 13:43:45.093758, End time: 2019-02-05 13:54:22.208328, Time used: 0:10:37.114570
Traing r2: 0.8946773325693721, Validation r2: 0.6494619117190965, Testing r2: 0.6461700295991577
************************************************************

Building model with GBR: loss=ls, lr=0.3, n_estimator=500, max_feature=auto, subsample=1.0
      Iter       Train Loss   Remaining Time 
         1           6.0422           16.22m
         2           5.8365           15.29m
         3           5.6693           15.24m
         4           5.5208           14.44m
         5           5.3894           14.17m
         6           5.2730           13.91m
         7           5.1656           13.65m
         8           5.0671           13.38m
         9           4.9775           13.27m
        10           4.8914           13.10m
        20           4.2217           11.97m
        30           3.7898           11.62m
        40           3.4543           11.57m
        50           3.1874           11.34m
        60           2.9588           10.97m
        70           2.7812           10.73m
        80           2.6291           10.51m
        90           2.4852           10.25m
       100           2.3643            9.97m
       200           1.6530            6.85m
       300           1.3287            4.41m
       400           1.1500            2.15m
       500           1.0309            0.00s

************************************************************
Model GBR.ccle_utsw.cell.MutExpr.loss.ls.lr.0.3.n_estimator.500.max_feature.auto.subsample1.0.joblib finished! 
Start time: 2019-02-05 13:43:44.947058, End time: 2019-02-05 13:54:23.146979, Time used: 0:10:38.199921
Traing r2: 0.8361027034480062, Validation r2: 0.6964198178475176, Testing r2: 0.7090344205439802
************************************************************

Building model with GBR: loss=ls, lr=0.5, n_estimator=500, max_feature=auto, subsample=1.0
      Iter       Train Loss   Remaining Time 
         1           5.9256           10.53m
         2           5.6222           12.12m
         3           5.3744           12.09m
         4           5.1570           11.88m
         5           4.9753           12.06m
         6           4.8244           12.16m
         7           4.6931           11.93m
         8           4.5454           11.93m
         9           4.4330           11.99m
        10           4.3344           12.03m
        20           3.5973           11.73m
        30           3.1164           11.27m
        40           2.7545           11.19m
        50           2.4989           11.19m
        60           2.2966           10.98m
        70           2.1336           10.72m
        80           1.9894           10.38m
        90           1.8697           10.21m
       100           1.7672            9.94m
       200           1.2431            6.83m
       300           1.0334            4.39m
       400           0.9013            2.14m
       500           0.8128            0.00s

************************************************************
Model GBR.ccle_utsw.cell.MutExpr.loss.ls.lr.0.5.n_estimator.500.max_feature.auto.subsample1.0.joblib finished! 
Start time: 2019-02-05 13:43:44.996220, End time: 2019-02-05 13:54:24.507718, Time used: 0:10:39.511498
Traing r2: 0.8707755934918464, Validation r2: 0.6692608021771351, Testing r2: 0.6809724530308543
************************************************************

Building model with GBR: loss=ls, lr=0.1, n_estimator=500, max_feature=auto, subsample=1.0
      Iter       Train Loss   Remaining Time 
         1           6.1976           10.95m
         2           6.1180           10.88m
         3           6.0457           11.20m
         4           5.9811           11.95m
         5           5.9182           12.04m
         6           5.8601           12.22m
         7           5.8046           12.45m
         8           5.7521           12.48m
         9           5.7009           12.70m
        10           5.6527           12.73m
        20           5.2600           12.11m
        30           4.9584           11.53m
        40           4.7079           11.15m
        50           4.4997           11.00m
        60           4.3225           10.81m
        70           4.1660           10.56m
        80           4.0269           10.41m
        90           3.8965           10.16m
       100           3.7845            9.98m
       200           2.9657            6.84m
       300           2.4792            4.40m
       400           2.1512            2.15m
       500           1.9152            0.00s

************************************************************
Model GBR.ccle_utsw.cell.MutExpr.loss.ls.lr.0.1.n_estimator.500.max_feature.auto.subsample1.0.joblib finished! 
Start time: 2019-02-05 13:43:44.899322, End time: 2019-02-05 13:54:25.799596, Time used: 0:10:40.900274
Traing r2: 0.6955052674842113, Validation r2: 0.6194607910348566, Testing r2: 0.619576427543761
************************************************************

Building model with GBR: loss=ls, lr=1, n_estimator=500, max_feature=auto, subsample=1.0
      Iter       Train Loss   Remaining Time 
         1           5.8041           12.15m
         2           5.3965           11.75m
         3           5.0598           12.19m
         4           4.7720           12.72m
         5           4.5228           12.81m
         6           4.3132           12.56m
         7           4.1323           12.27m
         8           3.9500           12.35m
         9           3.7804           12.24m
        10           3.6464           12.30m
        20           2.7841           12.39m
        30           2.2773           11.93m
        40           1.9554           11.65m
        50           1.7405           11.36m
        60           1.5490           11.08m
        70           1.4296           10.84m
        80           1.3437           10.56m
        90           1.2788           10.35m
       100           1.2339           10.10m
       200           0.9539            6.92m
       300           0.7620            4.47m
       400           0.6276            2.18m
       500           0.5351            0.00s

************************************************************
Model GBR.ccle_utsw.cell.MutExpr.loss.ls.lr.1.n_estimator.500.max_feature.auto.subsample1.0.joblib finished! 
Start time: 2019-02-05 13:43:45.292052, End time: 2019-02-05 13:54:33.766915, Time used: 0:10:48.474863
Traing r2: 0.9149314146879542, Validation r2: 0.6066299063228358, Testing r2: 0.5810400019602062
************************************************************

Building model with GBR: loss=ls, lr=0.2, n_estimator=500, max_feature=auto, subsample=1.0
      Iter       Train Loss   Remaining Time 
         1           6.1150           13.11m
         2           5.9701           12.62m
         3           5.8516           12.44m
         4           5.7404           12.07m
         5           5.6340           11.81m
         6           5.5368           11.84m
         7           5.4531           11.69m
         8           5.3765           11.70m
         9           5.3021           11.63m
        10           5.2317           11.59m
        20           4.6829           11.84m
        30           4.2781           11.97m
        40           3.9673           11.95m
        50           3.7277           11.80m
        60           3.5186           11.64m
        70           3.3258           11.37m
        80           3.1661           11.15m
        90           3.0244           10.83m
       100           2.8944           10.61m
       200           2.0980            7.05m
       300           1.6924            4.51m
       400           1.4427            2.18m
       500           1.2807            0.00s

************************************************************
Model GBR.ccle_utsw.cell.MutExpr.loss.ls.lr.0.2.n_estimator.500.max_feature.auto.subsample1.0.joblib finished! 
Start time: 2019-02-05 13:43:44.918168, End time: 2019-02-05 13:54:33.783209, Time used: 0:10:48.865041
Traing r2: 0.7963919237794034, Validation r2: 0.6826183787083394, Testing r2: 0.6956828937013486
************************************************************

Building model with GBR: loss=ls, lr=0.1, n_estimator=700, max_feature=auto, subsample=1.0
      Iter       Train Loss   Remaining Time 
         1           6.1976           15.51m
         2           6.1180           15.92m
         3           6.0457           16.05m
         4           5.9811           15.87m
         5           5.9182           16.60m
         6           5.8601           16.55m
         7           5.8046           16.43m
         8           5.7521           16.60m
         9           5.7009           16.51m
        10           5.6527           16.50m
        20           5.2600           16.05m
        30           4.9584           15.71m
        40           4.7079           15.66m
        50           4.4997           15.61m
        60           4.3225           15.47m
        70           4.1660           15.36m
        80           4.0269           15.02m
        90           3.8965           14.74m
       100           3.7845           14.53m
       200           2.9657           11.21m
       300           2.4792            8.68m
       400           2.1512            6.37m
       500           1.9152            4.18m
       600           1.7402            2.07m
       700           1.6012            0.00s

************************************************************
Model GBR.ccle_utsw.cell.MutExpr.loss.ls.lr.0.1.n_estimator.700.max_feature.auto.subsample1.0.joblib finished! 
Start time: 2019-02-05 13:43:44.903275, End time: 2019-02-05 13:58:15.863732, Time used: 0:14:30.960457
Traing r2: 0.7454352166931928, Validation r2: 0.6573462890405386, Testing r2: 0.6582132115902468
************************************************************

Building model with GBR: loss=ls, lr=0.7, n_estimator=700, max_feature=auto, subsample=1.0
      Iter       Train Loss   Remaining Time 
         1           5.8479           15.04m
         2           5.4786           15.76m
         3           5.1756           15.91m
         4           4.9127           16.18m
         5           4.6898           16.44m
         6           4.5037           16.54m
         7           4.3436           16.80m
         8           4.1827           16.80m
         9           4.0410           16.59m
        10           3.9255           16.82m
        20           3.1857           16.95m
        30           2.6882           16.15m
        40           2.3261           16.29m
        50           2.0660           15.95m
        60           1.8778           15.63m
        70           1.7211           15.36m
        80           1.6129           15.07m
        90           1.5182           14.83m
       100           1.4450           14.58m
       200           1.0640           11.28m
       300           0.8863            8.76m
       400           0.7597            6.40m
       500           0.6625            4.20m
       600           0.5764            2.08m
       700           0.4820            0.00s

************************************************************
Model GBR.ccle_utsw.cell.MutExpr.loss.ls.lr.0.7.n_estimator.700.max_feature.auto.subsample1.0.joblib finished! 
Start time: 2019-02-05 13:43:45.139480, End time: 2019-02-05 13:58:16.595422, Time used: 0:14:31.455942
Traing r2: 0.9233651583550516, Validation r2: 0.6350320799933025, Testing r2: 0.6319182486859847
************************************************************

Building model with GBR: loss=ls, lr=0.3, n_estimator=700, max_feature=auto, subsample=1.0
      Iter       Train Loss   Remaining Time 
         1           6.0422           15.47m
         2           5.8365           16.55m
         3           5.6693           16.74m
         4           5.5208           16.33m
         5           5.3894           16.49m
         6           5.2730           17.12m
         7           5.1656           17.35m
         8           5.0671           17.52m
         9           4.9775           17.27m
        10           4.8914           17.27m
        20           4.2217           17.21m
        30           3.7898           16.59m
        40           3.4543           16.32m
        50           3.1874           16.21m
        60           2.9588           16.06m
        70           2.7812           15.84m
        80           2.6291           15.44m
        90           2.4852           15.10m
       100           2.3643           14.91m
       200           1.6530           11.38m
       300           1.3287            8.79m
       400           1.1500            6.43m
       500           1.0309            4.22m
       600           0.9401            2.08m
       700           0.8720            0.00s

************************************************************
Model GBR.ccle_utsw.cell.MutExpr.loss.ls.lr.0.3.n_estimator.700.max_feature.auto.subsample1.0.joblib finished! 
Start time: 2019-02-05 13:43:44.951652, End time: 2019-02-05 13:58:17.114189, Time used: 0:14:32.162537
Traing r2: 0.8613669401505539, Validation r2: 0.7021760748450239, Testing r2: 0.7150878807554406
************************************************************

Building model with GBR: loss=ls, lr=0.2, n_estimator=700, max_feature=auto, subsample=1.0
      Iter       Train Loss   Remaining Time 
         1           6.1150           19.78m
         2           5.9701           18.64m
         3           5.8516           17.97m
         4           5.7404           18.85m
         5           5.6340           18.23m
         6           5.5368           18.07m
         7           5.4531           17.77m
         8           5.3765           17.58m
         9           5.3021           17.50m
        10           5.2317           17.69m
        20           4.6829           17.80m
        30           4.2781           16.99m
        40           3.9673           16.55m
        50           3.7277           16.21m
        60           3.5186           15.88m
        70           3.3258           15.69m
        80           3.1661           15.52m
        90           3.0244           15.27m
       100           2.8944           15.06m
       200           2.0980           11.38m
       300           1.6924            8.76m
       400           1.4427            6.42m
       500           1.2807            4.22m
       600           1.1665            2.09m
       700           1.0724            0.00s

************************************************************
Model GBR.ccle_utsw.cell.MutExpr.loss.ls.lr.0.2.n_estimator.700.max_feature.auto.subsample1.0.joblib finished! 
Start time: 2019-02-05 13:43:44.920047, End time: 2019-02-05 13:58:19.437474, Time used: 0:14:34.517427
Traing r2: 0.8295001463824431, Validation r2: 0.6961832078306093, Testing r2: 0.7117498661690496
************************************************************

Building model with GBR: loss=ls, lr=0.5, n_estimator=700, max_feature=auto, subsample=1.0
      Iter       Train Loss   Remaining Time 
         1           5.9256           21.95m
         2           5.6222           19.08m
         3           5.3744           18.63m
         4           5.1570           18.54m
         5           4.9753           18.46m
         6           4.8244           18.05m
         7           4.6931           17.66m
         8           4.5454           17.59m
         9           4.4330           17.40m
        10           4.3344           17.58m
        20           3.5973           16.97m
        30           3.1164           17.07m
        40           2.7545           16.90m
        50           2.4989           16.54m
        60           2.2966           16.29m
        70           2.1336           16.05m
        80           1.9894           15.73m
        90           1.8697           15.48m
       100           1.7672           15.18m
       200           1.2431           11.47m
       300           1.0334            8.82m
       400           0.9013            6.43m
       500           0.8128            4.22m
       600           0.7320            2.09m
       700           0.6629            0.00s

************************************************************
Model GBR.ccle_utsw.cell.MutExpr.loss.ls.lr.0.5.n_estimator.700.max_feature.auto.subsample1.0.joblib finished! 
Start time: 2019-02-05 13:43:45.014159, End time: 2019-02-05 13:58:20.353133, Time used: 0:14:35.338974
Traing r2: 0.8946103971612396, Validation r2: 0.6657258186513471, Testing r2: 0.6760988211752109
************************************************************

Building model with GBR: loss=ls, lr=1, n_estimator=700, max_feature=auto, subsample=1.0
      Iter       Train Loss   Remaining Time 
         1           5.8041           18.36m
         2           5.3965           18.49m
         3           5.0598           19.41m
         4           4.7720           19.61m
         5           4.5228           19.05m
         6           4.3132           18.76m
         7           4.1323           18.41m
         8           3.9500           18.14m
         9           3.7804           18.03m
        10           3.6464           17.91m
        20           2.7841           17.64m
        30           2.2773           17.30m
        40           1.9554           16.80m
        50           1.7405           16.48m
        60           1.5490           16.36m
        70           1.4296           16.02m
        80           1.3437           15.74m
        90           1.2788           15.35m
       100           1.2339           15.08m
       200           0.9539           11.51m
       300           0.7620            8.92m
       400           0.6276            6.53m
       500           0.5351            4.29m
       600           0.4540            2.11m
       700           0.3900            0.00s

************************************************************
Model GBR.ccle_utsw.cell.MutExpr.loss.ls.lr.1.n_estimator.700.max_feature.auto.subsample1.0.joblib finished! 
Start time: 2019-02-05 13:43:45.328590, End time: 2019-02-05 13:58:29.933301, Time used: 0:14:44.604711
Traing r2: 0.9379999642674345, Validation r2: 0.5855504363647291, Testing r2: 0.5613038549657632
************************************************************

Building model with GBR: loss=ls, lr=0.5, n_estimator=1000, max_feature=auto, subsample=1.0
      Iter       Train Loss   Remaining Time 
         1           5.9256           24.57m
         2           5.6222           23.11m
         3           5.3744           23.62m
         4           5.1570           23.34m
         5           4.9753           23.33m
         6           4.8244           23.45m
         7           4.6931           23.31m
         8           4.5454           23.48m
         9           4.4330           23.72m
        10           4.3344           23.50m
        20           3.5973           23.43m
        30           3.1164           23.18m
        40           2.7545           23.11m
        50           2.4989           22.86m
        60           2.2966           22.51m
        70           2.1336           22.12m
        80           1.9894           22.07m
        90           1.8697           21.93m
       100           1.7672           21.81m
       200           1.2431           18.04m
       300           1.0334           15.26m
       400           0.9013           12.80m
       500           0.8128           10.51m
       600           0.7320            8.32m
       700           0.6629            6.19m
       800           0.6057            4.08m
       900           0.5449            2.02m
      1000           0.4881            0.00s

************************************************************
Model GBR.ccle_utsw.cell.MutExpr.loss.ls.lr.0.5.n_estimator.1000.max_feature.auto.subsample1.0.joblib finished! 
Start time: 2019-02-05 13:43:45.066016, End time: 2019-02-05 14:03:54.472327, Time used: 0:20:09.406311
Traing r2: 0.9223921443605259, Validation r2: 0.6627121194620588, Testing r2: 0.667592363657133
************************************************************

Building model with GBR: loss=ls, lr=0.2, n_estimator=1000, max_feature=auto, subsample=1.0
      Iter       Train Loss   Remaining Time 
         1           6.1150           26.86m
         2           5.9701           29.25m
         3           5.8516           27.94m
         4           5.7404           26.63m
         5           5.6340           25.88m
         6           5.5368           25.81m
         7           5.4531           26.02m
         8           5.3765           25.85m
         9           5.3021           25.61m
        10           5.2317           25.27m
        20           4.6829           25.16m
        30           4.2781           24.59m
        40           3.9673           24.32m
        50           3.7277           23.77m
        60           3.5186           23.80m
        70           3.3258           23.43m
        80           3.1661           23.05m
        90           3.0244           22.79m
       100           2.8944           22.54m
       200           2.0980           18.37m
       300           1.6924           15.53m
       400           1.4427           12.94m
       500           1.2807           10.59m
       600           1.1665            8.36m
       700           1.0724            6.21m
       800           1.0019            4.09m
       900           0.9442            2.02m
      1000           0.8948            0.00s

************************************************************
Model GBR.ccle_utsw.cell.MutExpr.loss.ls.lr.0.2.n_estimator.1000.max_feature.auto.subsample1.0.joblib finished! 
Start time: 2019-02-05 13:43:44.923177, End time: 2019-02-05 14:03:54.755016, Time used: 0:20:09.831839
Traing r2: 0.8577398052354804, Validation r2: 0.7069353825464548, Testing r2: 0.7200814607995651
************************************************************

Building model with GBR: loss=ls, lr=0.7, n_estimator=1000, max_feature=auto, subsample=1.0
      Iter       Train Loss   Remaining Time 
         1           5.8479           21.56m
         2           5.4786           22.17m
         3           5.1756           23.21m
         4           4.9127           22.80m
         5           4.6898           22.96m
         6           4.5037           23.25m
         7           4.3436           23.11m
         8           4.1827           23.07m
         9           4.0410           23.00m
        10           3.9255           23.21m
        20           3.1857           23.61m
        30           2.6882           24.46m
        40           2.3261           24.30m
        50           2.0660           23.99m
        60           1.8778           24.13m
        70           1.7211           23.87m
        80           1.6129           23.42m
        90           1.5182           23.07m
       100           1.4450           22.99m
       200           1.0640           18.49m
       300           0.8863           15.62m
       400           0.7597           13.02m
       500           0.6625           10.68m
       600           0.5764            8.41m
       700           0.4820            6.24m
       800           0.4173            4.12m
       900           0.3622            2.04m
      1000           0.3189            0.00s

************************************************************
Model GBR.ccle_utsw.cell.MutExpr.loss.ls.lr.0.7.n_estimator.1000.max_feature.auto.subsample1.0.joblib finished! 
Start time: 2019-02-05 13:43:45.167993, End time: 2019-02-05 14:04:05.630414, Time used: 0:20:20.462421
Traing r2: 0.9492974092694465, Validation r2: 0.6268754117582394, Testing r2: 0.6225133493757116
************************************************************

Building model with GBR: loss=ls, lr=1, n_estimator=1000, max_feature=auto, subsample=1.0
      Iter       Train Loss   Remaining Time 
         1           5.8041           22.90m
         2           5.3965           23.00m
         3           5.0598           25.06m
         4           4.7720           25.93m
         5           4.5228           25.32m
         6           4.3132           25.50m
         7           4.1323           26.08m
         8           3.9500           26.57m
         9           3.7804           26.15m
        10           3.6464           25.99m
        20           2.7841           26.13m
        30           2.2773           26.25m
        40           1.9554           25.46m
        50           1.7405           25.10m
        60           1.5490           24.72m
        70           1.4296           24.46m
        80           1.3437           24.07m
        90           1.2788           23.59m
       100           1.2339           23.32m
       200           0.9539           18.44m
       300           0.7620           15.51m
       400           0.6276           12.93m
       500           0.5351           10.60m
       600           0.4540            8.38m
       700           0.3900            6.23m
       800           0.3381            4.12m
       900           0.2953            2.04m
      1000           0.2605            0.00s

************************************************************
Model GBR.ccle_utsw.cell.MutExpr.loss.ls.lr.1.n_estimator.1000.max_feature.auto.subsample1.0.joblib finished! 
Start time: 2019-02-05 13:43:45.411170, End time: 2019-02-05 14:04:09.633590, Time used: 0:20:24.222420
Traing r2: 0.9585880847303643, Validation r2: 0.5668756735596117, Testing r2: 0.5483670966792291
************************************************************

Building model with GBR: loss=ls, lr=0.3, n_estimator=1000, max_feature=auto, subsample=1.0
      Iter       Train Loss   Remaining Time 
         1           6.0422           36.53m
         2           5.8365           32.52m
         3           5.6693           31.04m
         4           5.5208           29.57m
         5           5.3894           28.57m
         6           5.2730           29.35m
         7           5.1656           29.03m
         8           5.0671           28.93m
         9           4.9775           28.72m
        10           4.8914           28.65m
        20           4.2217           26.17m
        30           3.7898           25.37m
        40           3.4543           25.49m
        50           3.1874           24.83m
        60           2.9588           24.50m
        70           2.7812           24.25m
        80           2.6291           23.79m
        90           2.4852           23.30m
       100           2.3643           23.21m
       200           1.6530           18.59m
       300           1.3287           15.68m
       400           1.1500           13.07m
       500           1.0309           10.71m
       600           0.9401            8.45m
       700           0.8720            6.27m
       800           0.8156            4.13m
       900           0.7624            2.04m
      1000           0.7213            0.00s

************************************************************
Model GBR.ccle_utsw.cell.MutExpr.loss.ls.lr.0.3.n_estimator.1000.max_feature.auto.subsample1.0.joblib finished! 
Start time: 2019-02-05 13:43:44.993000, End time: 2019-02-05 14:04:09.671903, Time used: 0:20:24.678903
Traing r2: 0.8853224830728746, Validation r2: 0.702327900738008, Testing r2: 0.7168114362150716
************************************************************

Building model with GBR: loss=ls, lr=0.1, n_estimator=1000, max_feature=auto, subsample=1.0
      Iter       Train Loss   Remaining Time 
         1           6.1976           22.42m
         2           6.1180           22.97m
         3           6.0457           23.71m
         4           5.9811           25.10m
         5           5.9182           24.51m
         6           5.8601           25.59m
         7           5.8046           26.14m
         8           5.7521           25.79m
         9           5.7009           25.49m
        10           5.6527           25.41m
        20           5.2600           24.54m
        30           4.9584           24.70m
        40           4.7079           24.12m
        50           4.4997           23.74m
        60           4.3225           23.37m
        70           4.1660           23.07m
        80           4.0269           22.84m
        90           3.8965           22.72m
       100           3.7845           22.63m
       200           2.9657           18.48m
       300           2.4792           15.64m
       400           2.1512           13.06m
       500           1.9152           10.73m
       600           1.7402            8.45m
       700           1.6012            6.27m
       800           1.4859            4.14m
       900           1.3942            2.05m
      1000           1.3177            0.00s

************************************************************
Model GBR.ccle_utsw.cell.MutExpr.loss.ls.lr.0.1.n_estimator.1000.max_feature.auto.subsample1.0.joblib finished! 
Start time: 2019-02-05 13:43:44.906093, End time: 2019-02-05 14:04:15.505098, Time used: 0:20:30.599005
Traing r2: 0.790502256331383, Validation r2: 0.6865112248479592, Testing r2: 0.6884081670092078
************************************************************

